Unity Editor version:    2021.3.15f1 (e8e88683f834)
Branch:                  2021.3/staging
Build type:              Release
Batch mode:              YES
macOS version:           Version 13.0.1 (Build 22A400)
Darwin version:          22.1.0
Architecture:            arm64
Running under Rosetta:   NO
Available memory:        16384 MB
Using pre-set license
Pro License: YES

COMMAND LINE ARGUMENTS:
/Applications/Unity/Hub/Editor/2021.3.15f1/Unity.app/Contents/MacOS/Unity
-adb2
-batchMode
-noUpm
-name
AssetImportWorker0
-projectPath
/Users/alexli/Documents/Unity/MALFUNCTION-FPS
-logFile
Logs/AssetImportWorker0.log
-srvPort
50461
Successfully changed project path to: /Users/alexli/Documents/Unity/MALFUNCTION-FPS
/Users/alexli/Documents/Unity/MALFUNCTION-FPS
[UnityMemory] Configuration Parameters - Can be set up in boot.config
    "memorysetup-bucket-allocator-granularity=16"
    "memorysetup-bucket-allocator-bucket-count=8"
    "memorysetup-bucket-allocator-block-size=33554432"
    "memorysetup-bucket-allocator-block-count=8"
    "memorysetup-main-allocator-block-size=16777216"
    "memorysetup-thread-allocator-block-size=16777216"
    "memorysetup-gfx-main-allocator-block-size=16777216"
    "memorysetup-gfx-thread-allocator-block-size=16777216"
    "memorysetup-cache-allocator-block-size=4194304"
    "memorysetup-typetree-allocator-block-size=2097152"
    "memorysetup-profiler-bucket-allocator-granularity=16"
    "memorysetup-profiler-bucket-allocator-bucket-count=8"
    "memorysetup-profiler-bucket-allocator-block-size=33554432"
    "memorysetup-profiler-bucket-allocator-block-count=8"
    "memorysetup-profiler-allocator-block-size=16777216"
    "memorysetup-profiler-editor-allocator-block-size=1048576"
    "memorysetup-temp-allocator-size-main=16777216"
    "memorysetup-job-temp-allocator-block-size=2097152"
    "memorysetup-job-temp-allocator-block-size-background=1048576"
    "memorysetup-job-temp-allocator-reduction-small-platforms=262144"
    "memorysetup-temp-allocator-size-background-worker=32768"
    "memorysetup-temp-allocator-size-job-worker=262144"
    "memorysetup-temp-allocator-size-preload-manager=33554432"
    "memorysetup-temp-allocator-size-nav-mesh-worker=65536"
    "memorysetup-temp-allocator-size-audio-worker=65536"
    "memorysetup-temp-allocator-size-cloud-worker=32768"
    "memorysetup-temp-allocator-size-gi-baking-worker=262144"
    "memorysetup-temp-allocator-size-gfx=262144"
Player connection [8110220544] Host "[IP] 192.168.2.64 [Port] 0 [Flags] 2 [Guid] 2758052389 [EditorId] 2758052389 [Version] 1048832 [Id] OSXEditor(0,Alexs-MBP) [Debug] 1 [PackageName] OSXEditor [ProjectName] Editor" joined multi-casting on [225.0.0.222:54997]...

Player connection [8110220544] Host "[IP] 192.168.2.64 [Port] 0 [Flags] 2 [Guid] 2758052389 [EditorId] 2758052389 [Version] 1048832 [Id] OSXEditor(0,Alexs-MBP) [Debug] 1 [PackageName] OSXEditor [ProjectName] Editor" joined alternative multi-casting on [225.0.0.222:34997]...

Refreshing native plugins compatible for Editor in 63.26 ms, found 2 plugins.
Preloading 0 native plugins for Editor in 0.00 ms.
Initialize engine version: 2021.3.15f1 (e8e88683f834)
[Subsystems] Discovering subsystems at path /Applications/Unity/Hub/Editor/2021.3.15f1/Unity.app/Contents/Resources/UnitySubsystems
[Subsystems] Discovering subsystems at path /Users/alexli/Documents/Unity/MALFUNCTION-FPS/Assets
GfxDevice: creating device client; threaded=0; jobified=0
 preferred device: Apple M1 Pro (high power)
Metal devices available: 1
0: Apple M1 Pro (high power)
Using device Apple M1 Pro (high power)
Initializing Metal device caps: Apple M1 Pro
Initialize mono
Mono path[0] = '/Applications/Unity/Hub/Editor/2021.3.15f1/Unity.app/Contents/Managed'
Mono path[1] = '/Applications/Unity/Hub/Editor/2021.3.15f1/Unity.app/Contents/MonoBleedingEdge/lib/mono/unityjit-macos'
Mono config path = '/Applications/Unity/Hub/Editor/2021.3.15f1/Unity.app/Contents/MonoBleedingEdge/etc'
Using monoOptions --debugger-agent=transport=dt_socket,embedding=1,server=y,suspend=n,address=127.0.0.1:56032
Begin MonoManager ReloadAssembly
Registering precompiled unity dll's ...
Register platform support module: /Applications/Unity/Hub/Editor/2021.3.15f1/PlaybackEngines/WebGLSupport/UnityEditor.WebGL.Extensions.dll
Register platform support module: /Applications/Unity/Hub/Editor/2021.3.15f1/Unity.app/Contents/PlaybackEngines/MacStandaloneSupport/UnityEditor.OSXStandalone.Extensions.dll
Registered in 0.002789 seconds.
Native extension for OSXStandalone target not found
Native extension for WebGL target not found
Refreshing native plugins compatible for Editor in 59.41 ms, found 2 plugins.
Preloading 0 native plugins for Editor in 0.00 ms.
Mono: successfully reloaded assembly
- Completed reload, in  0.387 seconds
Domain Reload Profiling:
	ReloadAssembly (388ms)
		BeginReloadAssembly (47ms)
			ExecutionOrderSort (0ms)
			DisableScriptedObjects (0ms)
			BackupInstance (0ms)
			ReleaseScriptingObjects (0ms)
			CreateAndSetChildDomain (0ms)
		EndReloadAssembly (281ms)
			LoadAssemblies (47ms)
			RebuildTransferFunctionScriptingTraits (0ms)
			SetupTypeCache (59ms)
			ReleaseScriptCaches (0ms)
			RebuildScriptCaches (18ms)
			SetupLoadedEditorAssemblies (179ms)
				LogAssemblyErrors (0ms)
				InitializePlatformSupportModulesInManaged (4ms)
				SetLoadedEditorAssemblies (0ms)
				RefreshPlugins (59ms)
				BeforeProcessingInitializeOnLoad (1ms)
				ProcessInitializeOnLoadAttributes (92ms)
				ProcessInitializeOnLoadMethodAttributes (22ms)
				AfterProcessingInitializeOnLoad (0ms)
				EditorAssembliesLoaded (0ms)
			ExecutionOrderSort2 (0ms)
			AwakeInstancesAfterBackupRestoration (0ms)
Platform modules already initialized, skipping
Registering precompiled user dll's ...
Registered in 0.002119 seconds.
Begin MonoManager ReloadAssembly
Symbol file LoadedFromMemory doesn't match image /Users/alexli/Documents/Unity/MALFUNCTION-FPS/Library/PackageCache/com.unity.visualscripting@1.7.8/Editor/VisualScripting.Core/Dependencies/YamlDotNet/Unity.VisualScripting.YamlDotNet.dll
Symbol file LoadedFromMemory doesn't match image /Users/alexli/Documents/Unity/MALFUNCTION-FPS/Library/PackageCache/com.unity.visualscripting@1.7.8/Editor/VisualScripting.Core/Dependencies/DotNetZip/Unity.VisualScripting.IonicZip.dll
Native extension for OSXStandalone target not found
Native extension for WebGL target not found
Refreshing native plugins compatible for Editor in 0.37 ms, found 2 plugins.
Preloading 0 native plugins for Editor in 0.00 ms.
Mono: successfully reloaded assembly
- Completed reload, in  0.550 seconds
Domain Reload Profiling:
	ReloadAssembly (550ms)
		BeginReloadAssembly (42ms)
			ExecutionOrderSort (0ms)
			DisableScriptedObjects (3ms)
			BackupInstance (0ms)
			ReleaseScriptingObjects (0ms)
			CreateAndSetChildDomain (9ms)
		EndReloadAssembly (445ms)
			LoadAssemblies (40ms)
			RebuildTransferFunctionScriptingTraits (0ms)
			SetupTypeCache (128ms)
			ReleaseScriptCaches (0ms)
			RebuildScriptCaches (33ms)
			SetupLoadedEditorAssemblies (217ms)
				LogAssemblyErrors (0ms)
				InitializePlatformSupportModulesInManaged (3ms)
				SetLoadedEditorAssemblies (0ms)
				RefreshPlugins (0ms)
				BeforeProcessingInitializeOnLoad (48ms)
				ProcessInitializeOnLoadAttributes (151ms)
				ProcessInitializeOnLoadMethodAttributes (12ms)
				AfterProcessingInitializeOnLoad (2ms)
				EditorAssembliesLoaded (0ms)
			ExecutionOrderSort2 (0ms)
			AwakeInstancesAfterBackupRestoration (2ms)
Platform modules already initialized, skipping
========================================================================
Worker process is ready to serve import requests
Launching external process: /Applications/Unity/Hub/Editor/2021.3.15f1/Unity.app/Contents/Tools/UnityShaderCompiler
Launched and connected shader compiler UnityShaderCompiler after 0.05 seconds
Refreshing native plugins compatible for Editor in 0.31 ms, found 2 plugins.
Preloading 0 native plugins for Editor in 0.00 ms.
Unloading 3352 Unused Serialized files (Serialized files now loaded: 0)
Unloading 24 unused Assets / (42.8 KB). Loaded Objects now: 3812.
Memory consumption went from 115.9 MB to 115.9 MB.
Total: 2.487125 ms (FindLiveObjects: 0.123000 ms CreateObjectMapping: 0.040875 ms MarkObjects: 2.254750 ms  DeleteObjects: 0.067375 ms)

AssetImportParameters requested are different than current active one (requested -> active):
  custom:video-decoder-ogg-theora: a1e56fd34408186e4bbccfd4996cb3dc -> 
  custom:container-muxer-webm: aa71ff27fc2769a1b78a27578f13a17b -> 
  custom:container-demuxer-webm: 4f35f7cbe854078d1ac9338744f61a02 -> 
  custom:video-encoder-webm-vp8: eb34c28f22e8b96e1ab97ce403110664 -> 
  custom:framework-osx-AVFoundation: e770b220cccbd017edd2c1fefb359320 -> 
  custom:audio-encoder-webm-vorbis: bf7c407c2cedff20999df2af8eb42d56 -> 
  custom:container-demuxer-ogg: 62fdf1f143b41e24485cea50d1cbac27 -> 
  custom:video-decoder-webm-vp8: 9c59270c3fd7afecdb556c50c9e8de78 -> 
  custom:audio-decoder-ogg-vorbis: bf7c407c2cedff20999df2af8eb42d56 -> 
========================================================================
Received Import Request.
  Time since last request: 4223.114483 seconds.
  path: Assets/UniversalRenderPipelineGlobalSettings.asset
  artifactKey: Guid(18dc0cd2c080841dea60987a38ce93fa) Importer(815301076,1909f56bfc062723c751e8b465ee728b)
Start importing Assets/UniversalRenderPipelineGlobalSettings.asset using Guid(18dc0cd2c080841dea60987a38ce93fa) Importer(815301076,1909f56bfc062723c751e8b465ee728b)  -> (artifact id: '2eecc253734895facb66926253515a97') in 0.042760 seconds 
========================================================================
Received Import Request.
  Time since last request: 0.000073 seconds.
  path: Assets/Readme.asset
  artifactKey: Guid(8105016687592461f977c054a80ce2f2) Importer(815301076,1909f56bfc062723c751e8b465ee728b)
Start importing Assets/Readme.asset using Guid(8105016687592461f977c054a80ce2f2) Importer(815301076,1909f56bfc062723c751e8b465ee728b)  -> (artifact id: '0f2f2b655bf21bdea72856b1c39a4a32') in 0.006637 seconds 
========================================================================
Received Import Request.
  Time since last request: 3.824777 seconds.
  path: Assets/Materials/Azonix-1VB0 SDF.asset
  artifactKey: Guid(82a4a8f6f184e8847896442788f42c30) Importer(815301076,1909f56bfc062723c751e8b465ee728b)
Start importing Assets/Materials/Azonix-1VB0 SDF.asset using Guid(82a4a8f6f184e8847896442788f42c30) Importer(815301076,1909f56bfc062723c751e8b465ee728b)  -> (artifact id: 'c19e064318dd87cfad0fa2434bd131c8') in 0.166989 seconds 
========================================================================
Received Import Request.
  Time since last request: 0.000036 seconds.
  path: Assets/Materials/skybox.mat
  artifactKey: Guid(1d889e1b0bf5e574abce4d9263aad5d0) Importer(815301076,1909f56bfc062723c751e8b465ee728b)
Start importing Assets/Materials/skybox.mat using Guid(1d889e1b0bf5e574abce4d9263aad5d0) Importer(815301076,1909f56bfc062723c751e8b465ee728b)  -> (artifact id: '3396add14dec32742fc48203cc8b1ab0') in 0.137622 seconds 
========================================================================
Received Import Request.
  Time since last request: 0.000063 seconds.
  path: Assets/Materials/Trail.mat
  artifactKey: Guid(6d4e52ad620ba97468f3aa94d1b6e862) Importer(815301076,1909f56bfc062723c751e8b465ee728b)
Start importing Assets/Materials/Trail.mat using Guid(6d4e52ad620ba97468f3aa94d1b6e862) Importer(815301076,1909f56bfc062723c751e8b465ee728b)  -> (artifact id: 'ce0b395737ca4ff489bb7c877096942b') in 0.024752 seconds 
========================================================================
Received Import Request.
  Time since last request: 0.000044 seconds.
  path: Assets/Materials/Floor.mat
  artifactKey: Guid(4a6b2d9191d936c4096ce1af146cd47c) Importer(815301076,1909f56bfc062723c751e8b465ee728b)
Start importing Assets/Materials/Floor.mat using Guid(4a6b2d9191d936c4096ce1af146cd47c) Importer(815301076,1909f56bfc062723c751e8b465ee728b)  -> (artifact id: '5913f42779658319876b2d4f82109080') in 0.004220 seconds 
========================================================================
Received Import Request.
  Time since last request: 0.000078 seconds.
  path: Assets/Materials/Frictionless.physicMaterial
  artifactKey: Guid(aada120f8467dd74f86d692f0451485e) Importer(815301076,1909f56bfc062723c751e8b465ee728b)
Start importing Assets/Materials/Frictionless.physicMaterial using Guid(aada120f8467dd74f86d692f0451485e) Importer(815301076,1909f56bfc062723c751e8b465ee728b)  -> (artifact id: '3a2accce789b8446ac78bd94a3c238d4') in 0.021419 seconds 
========================================================================
Received Import Request.
  Time since last request: 0.000124 seconds.
  path: Assets/Materials/MapLights.mat
  artifactKey: Guid(5983c0a806835ad42a61f3bb591a82b6) Importer(815301076,1909f56bfc062723c751e8b465ee728b)
Start importing Assets/Materials/MapLights.mat using Guid(5983c0a806835ad42a61f3bb591a82b6) Importer(815301076,1909f56bfc062723c751e8b465ee728b)  -> (artifact id: '23513cfb4cb8b1f67630fde3a4a36469') in 0.004511 seconds 
========================================================================
Received Import Request.
  Time since last request: 0.000068 seconds.
  path: Assets/Materials/Muzzle Flash.mat
  artifactKey: Guid(d5b289215a57f724c9a548cb7f4966d9) Importer(815301076,1909f56bfc062723c751e8b465ee728b)
Start importing Assets/Materials/Muzzle Flash.mat using Guid(d5b289215a57f724c9a548cb7f4966d9) Importer(815301076,1909f56bfc062723c751e8b465ee728b)  -> (artifact id: 'c63c24513724d6c90a219d4a62105c53') in 0.004620 seconds 
========================================================================
Received Import Request.
  Time since last request: 0.000278 seconds.
  path: Assets/Materials/Walls.mat
  artifactKey: Guid(e62f9693f93f8ee4e8182238c7d1bcca) Importer(815301076,1909f56bfc062723c751e8b465ee728b)
Start importing Assets/Materials/Walls.mat using Guid(e62f9693f93f8ee4e8182238c7d1bcca) Importer(815301076,1909f56bfc062723c751e8b465ee728b)  -> (artifact id: '042ec8faac0daa84639d672418be27c9') in 0.004170 seconds 
========================================================================
Received Import Request.
  Time since last request: 1.831140 seconds.
  path: Assets/Scenes/LEVEL 1.unity
  artifactKey: Guid(99c9720ab356a0642a771bea13969a05) Importer(815301076,1909f56bfc062723c751e8b465ee728b)
Start importing Assets/Scenes/LEVEL 1.unity using Guid(99c9720ab356a0642a771bea13969a05) Importer(815301076,1909f56bfc062723c751e8b465ee728b)  -> (artifact id: '523bb883703092fac503675bed91b2d3') in 0.000636 seconds 
========================================================================
Received Prepare
Registering precompiled user dll's ...
Registered in 0.002991 seconds.
Begin MonoManager ReloadAssembly
Thread 0x17a95f000 may have been prematurely finalized
Symbol file LoadedFromMemory doesn't match image /Users/alexli/Documents/Unity/MALFUNCTION-FPS/Library/PackageCache/com.unity.visualscripting@1.7.8/Editor/VisualScripting.Core/Dependencies/YamlDotNet/Unity.VisualScripting.YamlDotNet.dll
Symbol file LoadedFromMemory doesn't match image /Users/alexli/Documents/Unity/MALFUNCTION-FPS/Library/PackageCache/com.unity.visualscripting@1.7.8/Editor/VisualScripting.Core/Dependencies/DotNetZip/Unity.VisualScripting.IonicZip.dll
Native extension for OSXStandalone target not found
Native extension for WebGL target not found
Refreshing native plugins compatible for Editor in 0.35 ms, found 2 plugins.
Preloading 0 native plugins for Editor in 0.00 ms.
Mono: successfully reloaded assembly
- Completed reload, in  0.503 seconds
Domain Reload Profiling:
	ReloadAssembly (504ms)
		BeginReloadAssembly (58ms)
			ExecutionOrderSort (0ms)
			DisableScriptedObjects (2ms)
			BackupInstance (0ms)
			ReleaseScriptingObjects (0ms)
			CreateAndSetChildDomain (18ms)
		EndReloadAssembly (393ms)
			LoadAssemblies (30ms)
			RebuildTransferFunctionScriptingTraits (0ms)
			SetupTypeCache (131ms)
			ReleaseScriptCaches (1ms)
			RebuildScriptCaches (25ms)
			SetupLoadedEditorAssemblies (182ms)
				LogAssemblyErrors (0ms)
				InitializePlatformSupportModulesInManaged (5ms)
				SetLoadedEditorAssemblies (0ms)
				RefreshPlugins (0ms)
				BeforeProcessingInitializeOnLoad (32ms)
				ProcessInitializeOnLoadAttributes (132ms)
				ProcessInitializeOnLoadMethodAttributes (11ms)
				AfterProcessingInitializeOnLoad (1ms)
				EditorAssembliesLoaded (0ms)
			ExecutionOrderSort2 (0ms)
			AwakeInstancesAfterBackupRestoration (2ms)
Platform modules already initialized, skipping
Refreshing native plugins compatible for Editor in 1.15 ms, found 2 plugins.
Preloading 0 native plugins for Editor in 0.00 ms.
Unloading 3332 Unused Serialized files (Serialized files now loaded: 0)
Unloading 17 unused Assets / (22.0 KB). Loaded Objects now: 3859.
Memory consumption went from 357.6 MB to 357.6 MB.
Total: 2.182625 ms (FindLiveObjects: 0.111334 ms CreateObjectMapping: 0.052708 ms MarkObjects: 1.997916 ms  DeleteObjects: 0.019875 ms)

AssetImportParameters requested are different than current active one (requested -> active):
  custom:video-decoder-ogg-theora: a1e56fd34408186e4bbccfd4996cb3dc -> 
  custom:container-muxer-webm: aa71ff27fc2769a1b78a27578f13a17b -> 
  custom:container-demuxer-webm: 4f35f7cbe854078d1ac9338744f61a02 -> 
  custom:video-encoder-webm-vp8: eb34c28f22e8b96e1ab97ce403110664 -> 
  custom:framework-osx-AVFoundation: e770b220cccbd017edd2c1fefb359320 -> 
  custom:audio-encoder-webm-vorbis: bf7c407c2cedff20999df2af8eb42d56 -> 
  custom:container-demuxer-ogg: 62fdf1f143b41e24485cea50d1cbac27 -> 
  custom:video-decoder-webm-vp8: 9c59270c3fd7afecdb556c50c9e8de78 -> 
  custom:audio-decoder-ogg-vorbis: bf7c407c2cedff20999df2af8eb42d56 -> 
========================================================================
Received Prepare
Registering precompiled user dll's ...
Registered in 0.002123 seconds.
Begin MonoManager ReloadAssembly
Thread 0x16fd57000 may have been prematurely finalized
Symbol file LoadedFromMemory doesn't match image /Users/alexli/Documents/Unity/MALFUNCTION-FPS/Library/PackageCache/com.unity.visualscripting@1.7.8/Editor/VisualScripting.Core/Dependencies/YamlDotNet/Unity.VisualScripting.YamlDotNet.dll
Symbol file LoadedFromMemory doesn't match image /Users/alexli/Documents/Unity/MALFUNCTION-FPS/Library/PackageCache/com.unity.visualscripting@1.7.8/Editor/VisualScripting.Core/Dependencies/DotNetZip/Unity.VisualScripting.IonicZip.dll
Native extension for OSXStandalone target not found
Native extension for WebGL target not found
Refreshing native plugins compatible for Editor in 0.36 ms, found 2 plugins.
Preloading 0 native plugins for Editor in 0.00 ms.
Mono: successfully reloaded assembly
- Completed reload, in  0.489 seconds
Domain Reload Profiling:
	ReloadAssembly (489ms)
		BeginReloadAssembly (55ms)
			ExecutionOrderSort (0ms)
			DisableScriptedObjects (2ms)
			BackupInstance (0ms)
			ReleaseScriptingObjects (0ms)
			CreateAndSetChildDomain (16ms)
		EndReloadAssembly (382ms)
			LoadAssemblies (28ms)
			RebuildTransferFunctionScriptingTraits (0ms)
			SetupTypeCache (129ms)
			ReleaseScriptCaches (1ms)
			RebuildScriptCaches (25ms)
			SetupLoadedEditorAssemblies (174ms)
				LogAssemblyErrors (0ms)
				InitializePlatformSupportModulesInManaged (7ms)
				SetLoadedEditorAssemblies (0ms)
				RefreshPlugins (0ms)
				BeforeProcessingInitializeOnLoad (33ms)
				ProcessInitializeOnLoadAttributes (119ms)
				ProcessInitializeOnLoadMethodAttributes (11ms)
				AfterProcessingInitializeOnLoad (2ms)
				EditorAssembliesLoaded (0ms)
			ExecutionOrderSort2 (0ms)
			AwakeInstancesAfterBackupRestoration (2ms)
Platform modules already initialized, skipping
Refreshing native plugins compatible for Editor in 1.06 ms, found 2 plugins.
Preloading 0 native plugins for Editor in 0.00 ms.
Unloading 3332 Unused Serialized files (Serialized files now loaded: 0)
Unloading 17 unused Assets / (22.0 KB). Loaded Objects now: 3862.
Memory consumption went from 363.1 MB to 363.1 MB.
Total: 2.765208 ms (FindLiveObjects: 0.118125 ms CreateObjectMapping: 0.105083 ms MarkObjects: 2.524500 ms  DeleteObjects: 0.016375 ms)

AssetImportParameters requested are different than current active one (requested -> active):
  custom:video-decoder-ogg-theora: a1e56fd34408186e4bbccfd4996cb3dc -> 
  custom:container-muxer-webm: aa71ff27fc2769a1b78a27578f13a17b -> 
  custom:container-demuxer-webm: 4f35f7cbe854078d1ac9338744f61a02 -> 
  custom:video-encoder-webm-vp8: eb34c28f22e8b96e1ab97ce403110664 -> 
  custom:framework-osx-AVFoundation: e770b220cccbd017edd2c1fefb359320 -> 
  custom:audio-encoder-webm-vorbis: bf7c407c2cedff20999df2af8eb42d56 -> 
  custom:container-demuxer-ogg: 62fdf1f143b41e24485cea50d1cbac27 -> 
  custom:video-decoder-webm-vp8: 9c59270c3fd7afecdb556c50c9e8de78 -> 
  custom:audio-decoder-ogg-vorbis: bf7c407c2cedff20999df2af8eb42d56 -> 
========================================================================
Received Prepare
Registering precompiled user dll's ...
Registered in 0.002919 seconds.
Begin MonoManager ReloadAssembly
Thread 0x16fd57000 may have been prematurely finalized
Symbol file LoadedFromMemory doesn't match image /Users/alexli/Documents/Unity/MALFUNCTION-FPS/Library/PackageCache/com.unity.visualscripting@1.7.8/Editor/VisualScripting.Core/Dependencies/YamlDotNet/Unity.VisualScripting.YamlDotNet.dll
Symbol file LoadedFromMemory doesn't match image /Users/alexli/Documents/Unity/MALFUNCTION-FPS/Library/PackageCache/com.unity.visualscripting@1.7.8/Editor/VisualScripting.Core/Dependencies/DotNetZip/Unity.VisualScripting.IonicZip.dll
Native extension for OSXStandalone target not found
Native extension for WebGL target not found
Refreshing native plugins compatible for Editor in 94.74 ms, found 2 plugins.
Preloading 0 native plugins for Editor in 0.00 ms.
Mono: successfully reloaded assembly
- Completed reload, in  0.725 seconds
Domain Reload Profiling:
	ReloadAssembly (725ms)
		BeginReloadAssembly (94ms)
			ExecutionOrderSort (0ms)
			DisableScriptedObjects (3ms)
			BackupInstance (0ms)
			ReleaseScriptingObjects (0ms)
			CreateAndSetChildDomain (36ms)
		EndReloadAssembly (576ms)
			LoadAssemblies (52ms)
			RebuildTransferFunctionScriptingTraits (0ms)
			SetupTypeCache (164ms)
			ReleaseScriptCaches (1ms)
			RebuildScriptCaches (25ms)
			SetupLoadedEditorAssemblies (316ms)
				LogAssemblyErrors (0ms)
				InitializePlatformSupportModulesInManaged (4ms)
				SetLoadedEditorAssemblies (0ms)
				RefreshPlugins (95ms)
				BeforeProcessingInitializeOnLoad (36ms)
				ProcessInitializeOnLoadAttributes (138ms)
				ProcessInitializeOnLoadMethodAttributes (42ms)
				AfterProcessingInitializeOnLoad (1ms)
				EditorAssembliesLoaded (0ms)
			ExecutionOrderSort2 (0ms)
			AwakeInstancesAfterBackupRestoration (2ms)
Platform modules already initialized, skipping
NullReferenceException: Object reference not set to an instance of an object
  at UnityEngine.Rendering.Universal.UniversalRenderPipelineAsset.CreatePipeline () [0x00039] in /Users/alexli/Documents/Unity/MALFUNCTION-FPS/Library/PackageCache/com.unity.render-pipelines.universal@12.1.8/Runtime/Data/UniversalRenderPipelineAsset.cs:466 
  at UnityEngine.Rendering.Universal.UniversalRenderPipelineAsset.get_scriptableRendererData () [0x00015] in /Users/alexli/Documents/Unity/MALFUNCTION-FPS/Library/PackageCache/com.unity.render-pipelines.universal@12.1.8/Runtime/Data/UniversalRenderPipelineAsset.cs:624 
  at UnityEngine.Rendering.Universal.UniversalRenderPipelineAsset.get_defaultShader () [0x00000] in /Users/alexli/Documents/Unity/MALFUNCTION-FPS/Library/PackageCache/com.unity.render-pipelines.universal@12.1.8/Runtime/Data/UniversalRenderPipelineAsset.cs:1145 

(Filename: Library/PackageCache/com.unity.render-pipelines.universal@12.1.8/Runtime/Data/UniversalRenderPipelineAsset.cs Line: 466)

Shader 'Universal Render Pipeline/Nature/SpeedTree7': fallback shader 'Hidden/Universal Render Pipeline/FallbackError' not found
Shader 'Universal Render Pipeline/Nature/SpeedTree7': dependency 'BillboardShader' shader 'Universal Render Pipeline/Nature/SpeedTree7 Billboard' not found
Shader 'Hidden/Universal Render Pipeline/Terrain/Lit (Add Pass)': fallback shader 'Hidden/Universal Render Pipeline/FallbackError' not found
Shader 'Hidden/Universal Render Pipeline/Terrain/Lit (Base Pass)': fallback shader 'Hidden/Universal Render Pipeline/FallbackError' not found
WARNING: Shader Unsupported: 'Hidden/Universal Render Pipeline/Terrain/Lit (Base Pass)' - All subshaders removed
WARNING: Shader Did you use #pragma only_renderers and omit this platform?
WARNING: Shader If subshaders removal was intentional, you may have forgotten turning Fallback off?
WARNING: Shader Unsupported: 'Hidden/Universal Render Pipeline/Terrain/Lit (Base Pass)' - All subshaders removed
WARNING: Shader Did you use #pragma only_renderers and omit this platform?
WARNING: Shader If subshaders removal was intentional, you may have forgotten turning Fallback off?
Shader 'Hidden/Universal Render Pipeline/FallbackError': fallback shader 'Hidden/Core/FallbackError' not found
Shader 'Universal Render Pipeline/Baked Lit': fallback shader 'Universal Render Pipeline/Unlit' not found
Refreshing native plugins compatible for Editor in 2.35 ms, found 2 plugins.
Preloading 0 native plugins for Editor in 0.00 ms.
Unloading 5060 Unused Serialized files (Serialized files now loaded: 0)
Unloading 98 unused Assets / (5.2 MB). Loaded Objects now: 5511.
Memory consumption went from 442.0 MB to 436.8 MB.
Total: 10.948583 ms (FindLiveObjects: 0.173958 ms CreateObjectMapping: 0.064709 ms MarkObjects: 9.016041 ms  DeleteObjects: 1.693000 ms)

NullReferenceException: Object reference not set to an instance of an object
  at UnityEngine.Rendering.Universal.UniversalRenderPipelineAsset.CreatePipeline () [0x00039] in /Users/alexli/Documents/Unity/MALFUNCTION-FPS/Library/PackageCache/com.unity.render-pipelines.universal@12.1.8/Runtime/Data/UniversalRenderPipelineAsset.cs:466 
  at UnityEngine.Rendering.Universal.UniversalRenderPipelineAsset.get_scriptableRendererData () [0x00015] in /Users/alexli/Documents/Unity/MALFUNCTION-FPS/Library/PackageCache/com.unity.render-pipelines.universal@12.1.8/Runtime/Data/UniversalRenderPipelineAsset.cs:624 
  at UnityEngine.Rendering.Universal.UniversalRenderPipelineAsset.get_defaultShader () [0x00000] in /Users/alexli/Documents/Unity/MALFUNCTION-FPS/Library/PackageCache/com.unity.render-pipelines.universal@12.1.8/Runtime/Data/UniversalRenderPipelineAsset.cs:1145 

(Filename: Library/PackageCache/com.unity.render-pipelines.universal@12.1.8/Runtime/Data/UniversalRenderPipelineAsset.cs Line: 466)

AssetImportParameters requested are different than current active one (requested -> active):
  custom:video-decoder-ogg-theora: a1e56fd34408186e4bbccfd4996cb3dc -> 
  custom:container-muxer-webm: aa71ff27fc2769a1b78a27578f13a17b -> 
  custom:container-demuxer-webm: 4f35f7cbe854078d1ac9338744f61a02 -> 
  custom:srp/default-shader: 0000e00a000e0de00000e000e0000000 -> 00a0da0d000000000000000000000000
  custom:video-encoder-webm-vp8: eb34c28f22e8b96e1ab97ce403110664 -> 
  custom:framework-osx-AVFoundation: e770b220cccbd017edd2c1fefb359320 -> 
  custom:audio-encoder-webm-vorbis: bf7c407c2cedff20999df2af8eb42d56 -> 
  custom:container-demuxer-ogg: 62fdf1f143b41e24485cea50d1cbac27 -> 
  custom:video-decoder-webm-vp8: 9c59270c3fd7afecdb556c50c9e8de78 -> 
  custom:audio-decoder-ogg-vorbis: bf7c407c2cedff20999df2af8eb42d56 -> 
========================================================================
Received Prepare
Registering precompiled user dll's ...
Registered in 0.002634 seconds.
Begin MonoManager ReloadAssembly
Thread 0x16fd57000 may have been prematurely finalized
Symbol file LoadedFromMemory doesn't match image /Users/alexli/Documents/Unity/MALFUNCTION-FPS/Library/PackageCache/com.unity.visualscripting@1.7.8/Editor/VisualScripting.Core/Dependencies/YamlDotNet/Unity.VisualScripting.YamlDotNet.dll
Symbol file LoadedFromMemory doesn't match image /Users/alexli/Documents/Unity/MALFUNCTION-FPS/Library/PackageCache/com.unity.visualscripting@1.7.8/Editor/VisualScripting.Core/Dependencies/DotNetZip/Unity.VisualScripting.IonicZip.dll
Native extension for OSXStandalone target not found
Native extension for WebGL target not found
Refreshing native plugins compatible for Editor in 0.56 ms, found 2 plugins.
Preloading 0 native plugins for Editor in 0.00 ms.
Mono: successfully reloaded assembly
- Completed reload, in  0.575 seconds
Domain Reload Profiling:
	ReloadAssembly (575ms)
		BeginReloadAssembly (59ms)
			ExecutionOrderSort (0ms)
			DisableScriptedObjects (3ms)
			BackupInstance (0ms)
			ReleaseScriptingObjects (0ms)
			CreateAndSetChildDomain (18ms)
		EndReloadAssembly (464ms)
			LoadAssemblies (30ms)
			RebuildTransferFunctionScriptingTraits (0ms)
			SetupTypeCache (142ms)
			ReleaseScriptCaches (1ms)
			RebuildScriptCaches (26ms)
			SetupLoadedEditorAssemblies (236ms)
				LogAssemblyErrors (0ms)
				InitializePlatformSupportModulesInManaged (5ms)
				SetLoadedEditorAssemblies (0ms)
				RefreshPlugins (1ms)
				BeforeProcessingInitializeOnLoad (47ms)
				ProcessInitializeOnLoadAttributes (140ms)
				ProcessInitializeOnLoadMethodAttributes (42ms)
				AfterProcessingInitializeOnLoad (1ms)
				EditorAssembliesLoaded (0ms)
			ExecutionOrderSort2 (0ms)
			AwakeInstancesAfterBackupRestoration (3ms)
Platform modules already initialized, skipping
NullReferenceException: Object reference not set to an instance of an object
  at UnityEngine.Rendering.Universal.UniversalRenderPipelineAsset.CreatePipeline () [0x00039] in /Users/alexli/Documents/Unity/MALFUNCTION-FPS/Library/PackageCache/com.unity.render-pipelines.universal@12.1.8/Runtime/Data/UniversalRenderPipelineAsset.cs:466 
  at UnityEngine.Rendering.Universal.UniversalRenderPipelineAsset.get_scriptableRendererData () [0x00015] in /Users/alexli/Documents/Unity/MALFUNCTION-FPS/Library/PackageCache/com.unity.render-pipelines.universal@12.1.8/Runtime/Data/UniversalRenderPipelineAsset.cs:624 
  at UnityEngine.Rendering.Universal.UniversalRenderPipelineAsset.get_defaultShader () [0x00000] in /Users/alexli/Documents/Unity/MALFUNCTION-FPS/Library/PackageCache/com.unity.render-pipelines.universal@12.1.8/Runtime/Data/UniversalRenderPipelineAsset.cs:1145 

(Filename: Library/PackageCache/com.unity.render-pipelines.universal@12.1.8/Runtime/Data/UniversalRenderPipelineAsset.cs Line: 466)

Refreshing native plugins compatible for Editor in 1.74 ms, found 2 plugins.
Preloading 0 native plugins for Editor in 0.00 ms.
Unloading 5059 Unused Serialized files (Serialized files now loaded: 0)
Unloading 98 unused Assets / (5.2 MB). Loaded Objects now: 5514.
Memory consumption went from 447.5 MB to 442.4 MB.
Total: 4.065667 ms (FindLiveObjects: 0.152208 ms CreateObjectMapping: 0.057250 ms MarkObjects: 2.298625 ms  DeleteObjects: 1.557000 ms)

NullReferenceException: Object reference not set to an instance of an object
  at UnityEngine.Rendering.Universal.UniversalRenderPipelineAsset.CreatePipeline () [0x00039] in /Users/alexli/Documents/Unity/MALFUNCTION-FPS/Library/PackageCache/com.unity.render-pipelines.universal@12.1.8/Runtime/Data/UniversalRenderPipelineAsset.cs:466 
  at UnityEngine.Rendering.Universal.UniversalRenderPipelineAsset.get_scriptableRendererData () [0x00015] in /Users/alexli/Documents/Unity/MALFUNCTION-FPS/Library/PackageCache/com.unity.render-pipelines.universal@12.1.8/Runtime/Data/UniversalRenderPipelineAsset.cs:624 
  at UnityEngine.Rendering.Universal.UniversalRenderPipelineAsset.get_defaultShader () [0x00000] in /Users/alexli/Documents/Unity/MALFUNCTION-FPS/Library/PackageCache/com.unity.render-pipelines.universal@12.1.8/Runtime/Data/UniversalRenderPipelineAsset.cs:1145 

(Filename: Library/PackageCache/com.unity.render-pipelines.universal@12.1.8/Runtime/Data/UniversalRenderPipelineAsset.cs Line: 466)

AssetImportParameters requested are different than current active one (requested -> active):
  custom:video-decoder-ogg-theora: a1e56fd34408186e4bbccfd4996cb3dc -> 
  custom:container-muxer-webm: aa71ff27fc2769a1b78a27578f13a17b -> 
  custom:container-demuxer-webm: 4f35f7cbe854078d1ac9338744f61a02 -> 
  custom:srp/default-shader: 0000e00a000e0de00000e000e0000000 -> 00a0da0d000000000000000000000000
  custom:video-encoder-webm-vp8: eb34c28f22e8b96e1ab97ce403110664 -> 
  custom:framework-osx-AVFoundation: e770b220cccbd017edd2c1fefb359320 -> 
  custom:audio-encoder-webm-vorbis: bf7c407c2cedff20999df2af8eb42d56 -> 
  custom:container-demuxer-ogg: 62fdf1f143b41e24485cea50d1cbac27 -> 
  custom:video-decoder-webm-vp8: 9c59270c3fd7afecdb556c50c9e8de78 -> 
  custom:audio-decoder-ogg-vorbis: bf7c407c2cedff20999df2af8eb42d56 -> 
========================================================================
Received Import Request.
  Time since last request: 300.916653 seconds.
  path: Assets/Scifi Guns SFX Pack/Gun1.wav
  artifactKey: Guid(a28f97506cbe82d479cd46f40fa6efe0) Importer(815301076,1909f56bfc062723c751e8b465ee728b)
Start importing Assets/Scifi Guns SFX Pack/Gun1.wav using Guid(a28f97506cbe82d479cd46f40fa6efe0) Importer(815301076,1909f56bfc062723c751e8b465ee728b)  -> (artifact id: '0e9cbdb30af771a4a446fee7172f0b8b') in 0.943946 seconds 
========================================================================
Received Import Request.
  Time since last request: 0.000039 seconds.
  path: Assets/Scifi Guns SFX Pack/Gun2_1.wav
  artifactKey: Guid(92d35fe1c59bbd14eaee9e3d3b54cea7) Importer(815301076,1909f56bfc062723c751e8b465ee728b)
Start importing Assets/Scifi Guns SFX Pack/Gun2_1.wav using Guid(92d35fe1c59bbd14eaee9e3d3b54cea7) Importer(815301076,1909f56bfc062723c751e8b465ee728b)  -> (artifact id: 'b43cfa2fcfd007c836b9ab7e311b7acb') in 0.004743 seconds 
========================================================================
Received Import Request.
  Time since last request: 0.000053 seconds.
  path: Assets/Scifi Guns SFX Pack/Gun5_4.wav
  artifactKey: Guid(25d8a6b3073dcbf40b0133fdbfeb55ce) Importer(815301076,1909f56bfc062723c751e8b465ee728b)
Start importing Assets/Scifi Guns SFX Pack/Gun5_4.wav using Guid(25d8a6b3073dcbf40b0133fdbfeb55ce) Importer(815301076,1909f56bfc062723c751e8b465ee728b)  -> (artifact id: '1817a134d0f29380ae8f8c1e2a7c21b8') in 0.005720 seconds 
========================================================================
Received Import Request.
  Time since last request: 0.000064 seconds.
  path: Assets/Scifi Guns SFX Pack/Gun3_4.wav
  artifactKey: Guid(7e950513b9c6d734e8130770598861f3) Importer(815301076,1909f56bfc062723c751e8b465ee728b)
Start importing Assets/Scifi Guns SFX Pack/Gun3_4.wav using Guid(7e950513b9c6d734e8130770598861f3) Importer(815301076,1909f56bfc062723c751e8b465ee728b)  -> (artifact id: '2be8ac6d53b4ceb54a2623a795bdc35a') in 0.003998 seconds 
========================================================================
Received Import Request.
  Time since last request: 0.000049 seconds.
  path: Assets/Scifi Guns SFX Pack/Gun2.wav
  artifactKey: Guid(db25ee1f2a6c3b34daaf79f8eb52fbab) Importer(815301076,1909f56bfc062723c751e8b465ee728b)
Start importing Assets/Scifi Guns SFX Pack/Gun2.wav using Guid(db25ee1f2a6c3b34daaf79f8eb52fbab) Importer(815301076,1909f56bfc062723c751e8b465ee728b)  -> (artifact id: '14ebbd7de7d963394edf573d7a40e066') in 0.004866 seconds 
========================================================================
Received Import Request.
  Time since last request: 0.000101 seconds.
  path: Assets/Scifi Guns SFX Pack/Gun2_load.wav
  artifactKey: Guid(2868e580baee45d449931dc35a5ace81) Importer(815301076,1909f56bfc062723c751e8b465ee728b)
Start importing Assets/Scifi Guns SFX Pack/Gun2_load.wav using Guid(2868e580baee45d449931dc35a5ace81) Importer(815301076,1909f56bfc062723c751e8b465ee728b)  -> (artifact id: '4dbaceedefb2ebea247224311bfc39f6') in 0.004100 seconds 
========================================================================
Received Import Request.
  Time since last request: 0.000056 seconds.
  path: Assets/Scifi Guns SFX Pack/Gun4_3.wav
  artifactKey: Guid(b39ec697f76aec04fb8081c0c4f6dbae) Importer(815301076,1909f56bfc062723c751e8b465ee728b)
Start importing Assets/Scifi Guns SFX Pack/Gun4_3.wav using Guid(b39ec697f76aec04fb8081c0c4f6dbae) Importer(815301076,1909f56bfc062723c751e8b465ee728b)  -> (artifact id: '6866b413e472386f0099d8941e41520f') in 0.003671 seconds 
========================================================================
Received Import Request.
  Time since last request: 0.000042 seconds.
  path: Assets/Scifi Guns SFX Pack/Gun1_2.wav
  artifactKey: Guid(3dc7b4438e9f788479f2eba0e75191b1) Importer(815301076,1909f56bfc062723c751e8b465ee728b)
Start importing Assets/Scifi Guns SFX Pack/Gun1_2.wav using Guid(3dc7b4438e9f788479f2eba0e75191b1) Importer(815301076,1909f56bfc062723c751e8b465ee728b)  -> (artifact id: '44b57e958bcc0be6b0a221c89b83fc7a') in 0.007356 seconds 
========================================================================
Received Import Request.
  Time since last request: 0.000047 seconds.
  path: Assets/Scifi Guns SFX Pack/Gun5_1.wav
  artifactKey: Guid(929fd214252d7034d93c9463bf63e091) Importer(815301076,1909f56bfc062723c751e8b465ee728b)
Start importing Assets/Scifi Guns SFX Pack/Gun5_1.wav using Guid(929fd214252d7034d93c9463bf63e091) Importer(815301076,1909f56bfc062723c751e8b465ee728b)  -> (artifact id: '48b59d1c059a3f18781df6f96ec9be23') in 0.004431 seconds 
========================================================================
Received Import Request.
  Time since last request: 0.000161 seconds.
  path: Assets/Scifi Guns SFX Pack/Gun5_Load.wav
  artifactKey: Guid(0eb673dc31e22fd4a8f158be386c8053) Importer(815301076,1909f56bfc062723c751e8b465ee728b)
Start importing Assets/Scifi Guns SFX Pack/Gun5_Load.wav using Guid(0eb673dc31e22fd4a8f158be386c8053) Importer(815301076,1909f56bfc062723c751e8b465ee728b)  -> (artifact id: 'c188856f727e5a7b1288ddeebef812d7') in 0.004385 seconds 
========================================================================
Received Import Request.
  Time since last request: 0.000104 seconds.
  path: Assets/Scifi Guns SFX Pack/Gun3.wav
  artifactKey: Guid(9db176e1ad4d89647a0bbcbd8b28693b) Importer(815301076,1909f56bfc062723c751e8b465ee728b)
Start importing Assets/Scifi Guns SFX Pack/Gun3.wav using Guid(9db176e1ad4d89647a0bbcbd8b28693b) Importer(815301076,1909f56bfc062723c751e8b465ee728b)  -> (artifact id: '6ff0baaa5a5cd1ed887e0bd904e5b657') in 0.003857 seconds 
========================================================================
Received Import Request.
  Time since last request: 0.000084 seconds.
  path: Assets/Scifi Guns SFX Pack/Gun5.wav
  artifactKey: Guid(ade03cc41862efe45a14c4802b87b026) Importer(815301076,1909f56bfc062723c751e8b465ee728b)
Start importing Assets/Scifi Guns SFX Pack/Gun5.wav using Guid(ade03cc41862efe45a14c4802b87b026) Importer(815301076,1909f56bfc062723c751e8b465ee728b)  -> (artifact id: '6681fc7959b16dea7caf0cc258005bf3') in 0.004842 seconds 
========================================================================
Received Import Request.
  Time since last request: 0.000058 seconds.
  path: Assets/Scifi Guns SFX Pack/Gun1_4.wav
  artifactKey: Guid(159aa6b3153429349b06479ba4bcb8fc) Importer(815301076,1909f56bfc062723c751e8b465ee728b)
Start importing Assets/Scifi Guns SFX Pack/Gun1_4.wav using Guid(159aa6b3153429349b06479ba4bcb8fc) Importer(815301076,1909f56bfc062723c751e8b465ee728b)  -> (artifact id: '04ddaf349718d2ccb26ab70275d17646') in 0.004955 seconds 
========================================================================
Received Import Request.
  Time since last request: 0.000066 seconds.
  path: Assets/Scifi Guns SFX Pack/Gun2_4.wav
  artifactKey: Guid(70c97e425596b8142b7b9163256c0868) Importer(815301076,1909f56bfc062723c751e8b465ee728b)
Start importing Assets/Scifi Guns SFX Pack/Gun2_4.wav using Guid(70c97e425596b8142b7b9163256c0868) Importer(815301076,1909f56bfc062723c751e8b465ee728b)  -> (artifact id: '1d7e194f58183b867a1cd00aa862e06a') in 0.004074 seconds 
========================================================================
Received Import Request.
  Time since last request: 0.000074 seconds.
  path: Assets/Scifi Guns SFX Pack/Gun4_4.wav
  artifactKey: Guid(6c641842185384646b603322cc7e7559) Importer(815301076,1909f56bfc062723c751e8b465ee728b)
Start importing Assets/Scifi Guns SFX Pack/Gun4_4.wav using Guid(6c641842185384646b603322cc7e7559) Importer(815301076,1909f56bfc062723c751e8b465ee728b)  -> (artifact id: 'c1c4ecd101520c7e8b47b04b59df3fd6') in 0.004009 seconds 
========================================================================
Received Prepare
Registering precompiled user dll's ...
Registered in 0.002856 seconds.
Begin MonoManager ReloadAssembly
Thread 0x16fd57000 may have been prematurely finalized
Symbol file LoadedFromMemory doesn't match image /Users/alexli/Documents/Unity/MALFUNCTION-FPS/Library/PackageCache/com.unity.visualscripting@1.7.8/Editor/VisualScripting.Core/Dependencies/YamlDotNet/Unity.VisualScripting.YamlDotNet.dll
Symbol file LoadedFromMemory doesn't match image /Users/alexli/Documents/Unity/MALFUNCTION-FPS/Library/PackageCache/com.unity.visualscripting@1.7.8/Editor/VisualScripting.Core/Dependencies/DotNetZip/Unity.VisualScripting.IonicZip.dll
Native extension for OSXStandalone target not found
Native extension for WebGL target not found
Refreshing native plugins compatible for Editor in 0.59 ms, found 2 plugins.
Preloading 0 native plugins for Editor in 0.00 ms.
Mono: successfully reloaded assembly
- Completed reload, in  0.584 seconds
Domain Reload Profiling:
	ReloadAssembly (584ms)
		BeginReloadAssembly (65ms)
			ExecutionOrderSort (0ms)
			DisableScriptedObjects (3ms)
			BackupInstance (0ms)
			ReleaseScriptingObjects (0ms)
			CreateAndSetChildDomain (23ms)
		EndReloadAssembly (468ms)
			LoadAssemblies (32ms)
			RebuildTransferFunctionScriptingTraits (0ms)
			SetupTypeCache (149ms)
			ReleaseScriptCaches (1ms)
			RebuildScriptCaches (33ms)
			SetupLoadedEditorAssemblies (227ms)
				LogAssemblyErrors (0ms)
				InitializePlatformSupportModulesInManaged (5ms)
				SetLoadedEditorAssemblies (0ms)
				RefreshPlugins (1ms)
				BeforeProcessingInitializeOnLoad (47ms)
				ProcessInitializeOnLoadAttributes (131ms)
				ProcessInitializeOnLoadMethodAttributes (42ms)
				AfterProcessingInitializeOnLoad (1ms)
				EditorAssembliesLoaded (0ms)
			ExecutionOrderSort2 (0ms)
			AwakeInstancesAfterBackupRestoration (2ms)
Platform modules already initialized, skipping
NullReferenceException: Object reference not set to an instance of an object
  at UnityEngine.Rendering.Universal.UniversalRenderPipelineAsset.CreatePipeline () [0x00039] in /Users/alexli/Documents/Unity/MALFUNCTION-FPS/Library/PackageCache/com.unity.render-pipelines.universal@12.1.8/Runtime/Data/UniversalRenderPipelineAsset.cs:466 
  at UnityEngine.Rendering.Universal.UniversalRenderPipelineAsset.get_scriptableRendererData () [0x00015] in /Users/alexli/Documents/Unity/MALFUNCTION-FPS/Library/PackageCache/com.unity.render-pipelines.universal@12.1.8/Runtime/Data/UniversalRenderPipelineAsset.cs:624 
  at UnityEngine.Rendering.Universal.UniversalRenderPipelineAsset.get_defaultShader () [0x00000] in /Users/alexli/Documents/Unity/MALFUNCTION-FPS/Library/PackageCache/com.unity.render-pipelines.universal@12.1.8/Runtime/Data/UniversalRenderPipelineAsset.cs:1145 

(Filename: Library/PackageCache/com.unity.render-pipelines.universal@12.1.8/Runtime/Data/UniversalRenderPipelineAsset.cs Line: 466)

Refreshing native plugins compatible for Editor in 1.06 ms, found 2 plugins.
Preloading 0 native plugins for Editor in 0.00 ms.
Unloading 5059 Unused Serialized files (Serialized files now loaded: 0)
Unloading 98 unused Assets / (5.2 MB). Loaded Objects now: 5519.
Memory consumption went from 0.52 GB to 0.51 GB.
Total: 4.533792 ms (FindLiveObjects: 0.178666 ms CreateObjectMapping: 0.064834 ms MarkObjects: 2.491250 ms  DeleteObjects: 1.798458 ms)

NullReferenceException: Object reference not set to an instance of an object
  at UnityEngine.Rendering.Universal.UniversalRenderPipelineAsset.CreatePipeline () [0x00039] in /Users/alexli/Documents/Unity/MALFUNCTION-FPS/Library/PackageCache/com.unity.render-pipelines.universal@12.1.8/Runtime/Data/UniversalRenderPipelineAsset.cs:466 
  at UnityEngine.Rendering.Universal.UniversalRenderPipelineAsset.get_scriptableRendererData () [0x00015] in /Users/alexli/Documents/Unity/MALFUNCTION-FPS/Library/PackageCache/com.unity.render-pipelines.universal@12.1.8/Runtime/Data/UniversalRenderPipelineAsset.cs:624 
  at UnityEngine.Rendering.Universal.UniversalRenderPipelineAsset.get_defaultShader () [0x00000] in /Users/alexli/Documents/Unity/MALFUNCTION-FPS/Library/PackageCache/com.unity.render-pipelines.universal@12.1.8/Runtime/Data/UniversalRenderPipelineAsset.cs:1145 

(Filename: Library/PackageCache/com.unity.render-pipelines.universal@12.1.8/Runtime/Data/UniversalRenderPipelineAsset.cs Line: 466)

AssetImportParameters requested are different than current active one (requested -> active):
  custom:video-decoder-ogg-theora: a1e56fd34408186e4bbccfd4996cb3dc -> 
  custom:container-muxer-webm: aa71ff27fc2769a1b78a27578f13a17b -> 
  custom:container-demuxer-webm: 4f35f7cbe854078d1ac9338744f61a02 -> 
  custom:srp/default-shader: 0000e00a000e0de00000e000e0000000 -> 00a0da0d000000000000000000000000
  custom:video-encoder-webm-vp8: eb34c28f22e8b96e1ab97ce403110664 -> 
  custom:framework-osx-AVFoundation: e770b220cccbd017edd2c1fefb359320 -> 
  custom:audio-encoder-webm-vorbis: bf7c407c2cedff20999df2af8eb42d56 -> 
  custom:container-demuxer-ogg: 62fdf1f143b41e24485cea50d1cbac27 -> 
  custom:video-decoder-webm-vp8: 9c59270c3fd7afecdb556c50c9e8de78 -> 
  custom:audio-decoder-ogg-vorbis: bf7c407c2cedff20999df2af8eb42d56 -> 
Editor requested this worker to shutdown with reason: Scaling down because of idle timeout
AssetImportWorker is now disconnected from the server
Process exiting
